Using pre-set license
Built from '2020.3/staging' branch; Version is '2020.3.25f1 (9b9180224418) revision 10195328'; Using compiler version '192528614'; Build Type 'Release'
OS: 'Windows 10  (10.0.19044) 64bit Core' Language: 'es' Physical Memory: 10159 MB
BatchMode: 1, IsHumanControllingUs: 0, StartBugReporterOnCrash: 0, Is64bit: 1, IsPro: 0

COMMAND LINE ARGUMENTS:
C:\Program Files\Unity\Hub\Editor\2020.3.25f1\Editor\Unity.exe
-adb2
-batchMode
-noUpm
-name
AssetImportWorker0
-projectPath
C:/Users/ferna/Documents/DAM2/Unity/JonhLemon
-logFile
Logs/AssetImportWorker0.log
-srvPort
63670
Successfully changed project path to: C:/Users/ferna/Documents/DAM2/Unity/JonhLemon
C:/Users/ferna/Documents/DAM2/Unity/JonhLemon
Using Asset Import Pipeline V2.
Refreshing native plugins compatible for Editor in 49.95 ms, found 2 plugins.
Preloading 0 native plugins for Editor in 0.00 ms.
Initialize engine version: 2020.3.25f1 (9b9180224418)
[Subsystems] Discovering subsystems at path C:/Program Files/Unity/Hub/Editor/2020.3.25f1/Editor/Data/Resources/UnitySubsystems
[Subsystems] Discovering subsystems at path C:/Users/ferna/Documents/DAM2/Unity/JonhLemon/Assets
GfxDevice: creating device client; threaded=0
Direct3D:
    Version:  Direct3D 11.0 [level 11.1]
    Renderer: AMD Radeon(TM) Graphics (ID=0x15d8)
    Vendor:   
    VRAM:     5079 MB
    Driver:   27.20.15002.1004
Initialize mono
Mono path[0] = 'C:/Program Files/Unity/Hub/Editor/2020.3.25f1/Editor/Data/Managed'
Mono path[1] = 'C:/Program Files/Unity/Hub/Editor/2020.3.25f1/Editor/Data/MonoBleedingEdge/lib/mono/unityjit'
Mono config path = 'C:/Program Files/Unity/Hub/Editor/2020.3.25f1/Editor/Data/MonoBleedingEdge/etc'
Using monoOptions --debugger-agent=transport=dt_socket,embedding=1,server=y,suspend=n,address=127.0.0.1:56320
Begin MonoManager ReloadAssembly
Registering precompiled unity dll's ...
Register platform support module: C:/Program Files/Unity/Hub/Editor/2020.3.25f1/Editor/Data/PlaybackEngines/WebGLSupport/UnityEditor.WebGL.Extensions.dll
Register platform support module: C:/Program Files/Unity/Hub/Editor/2020.3.25f1/Editor/Data/PlaybackEngines/WindowsStandaloneSupport/UnityEditor.WindowsStandalone.Extensions.dll
Registered in 0.004180 seconds.
Native extension for WindowsStandalone target not found
Native extension for WebGL target not found
Refreshing native plugins compatible for Editor in 57.02 ms, found 2 plugins.
Preloading 0 native plugins for Editor in 0.00 ms.
Mono: successfully reloaded assembly
- Completed reload, in  1.020 seconds
Domain Reload Profiling:
	ReloadAssembly (1021ms)
		BeginReloadAssembly (89ms)
			ExecutionOrderSort (0ms)
			DisableScriptedObjects (0ms)
			BackupInstance (0ms)
			ReleaseScriptingObjects (0ms)
			CreateAndSetChildDomain (1ms)
		EndReloadAssembly (799ms)
			LoadAssemblies (86ms)
			RebuildTransferFunctionScriptingTraits (0ms)
			SetupTypeCache (255ms)
			ReleaseScriptCaches (0ms)
			RebuildScriptCaches (58ms)
			SetupLoadedEditorAssemblies (322ms)
				LogAssemblyErrors (0ms)
				InitializePlatformSupportModulesInManaged (10ms)
				SetLoadedEditorAssemblies (0ms)
				RefreshPlugins (57ms)
				BeforeProcessingInitializeOnLoad (22ms)
				ProcessInitializeOnLoadAttributes (159ms)
				ProcessInitializeOnLoadMethodAttributes (73ms)
				AfterProcessingInitializeOnLoad (0ms)
				EditorAssembliesLoaded (0ms)
			ExecutionOrderSort2 (0ms)
			AwakeInstancesAfterBackupRestoration (0ms)
Platform modules already initialized, skipping
Registering precompiled user dll's ...
Registered in 0.012632 seconds.
Begin MonoManager ReloadAssembly
Native extension for WindowsStandalone target not found
Native extension for WebGL target not found
Refreshing native plugins compatible for Editor in 0.52 ms, found 2 plugins.
Preloading 0 native plugins for Editor in 0.00 ms.
Mono: successfully reloaded assembly
- Completed reload, in  2.073 seconds
Domain Reload Profiling:
	ReloadAssembly (2074ms)
		BeginReloadAssembly (273ms)
			ExecutionOrderSort (0ms)
			DisableScriptedObjects (7ms)
			BackupInstance (0ms)
			ReleaseScriptingObjects (0ms)
			CreateAndSetChildDomain (38ms)
		EndReloadAssembly (1695ms)
			LoadAssemblies (158ms)
			RebuildTransferFunctionScriptingTraits (0ms)
			SetupTypeCache (587ms)
			ReleaseScriptCaches (1ms)
			RebuildScriptCaches (108ms)
			SetupLoadedEditorAssemblies (626ms)
				LogAssemblyErrors (0ms)
				InitializePlatformSupportModulesInManaged (11ms)
				SetLoadedEditorAssemblies (1ms)
				RefreshPlugins (1ms)
				BeforeProcessingInitializeOnLoad (182ms)
				ProcessInitializeOnLoadAttributes (407ms)
				ProcessInitializeOnLoadMethodAttributes (13ms)
				AfterProcessingInitializeOnLoad (11ms)
				EditorAssembliesLoaded (0ms)
			ExecutionOrderSort2 (0ms)
			AwakeInstancesAfterBackupRestoration (10ms)
Platform modules already initialized, skipping
========================================================================
Worker process is ready to serve import requests
Launched and connected shader compiler UnityShaderCompiler.exe after 0.12 seconds
Refreshing native plugins compatible for Editor in 0.81 ms, found 2 plugins.
Preloading 0 native plugins for Editor in 0.00 ms.
Unloading 1500 Unused Serialized files (Serialized files now loaded: 0)
System memory in use before: 67.5 MB.
System memory in use after: 67.5 MB.

Unloading 19 unused Assets to reduce memory usage. Loaded Objects now: 1932.
Total: 4.725600 ms (FindLiveObjects: 0.251900 ms CreateObjectMapping: 0.076500 ms MarkObjects: 4.288000 ms  DeleteObjects: 0.107300 ms)

AssetImportParameters requested are different than current active one (requested -> active):
  custom:framework-win-MediaFoundation: 216162199b28c13a410421893ffa2e32 -> 
  custom:video-decoder-ogg-theora: a1e56fd34408186e4bbccfd4996cb3dc -> 
  custom:container-muxer-webm: aa71ff27fc2769a1b78a27578f13a17b -> 
  custom:container-demuxer-webm: 4f35f7cbe854078d1ac9338744f61a02 -> 
  custom:container-demuxer-ogg: 62fdf1f143b41e24485cea50d1cbac27 -> 
  custom:video-encoder-webm-vp8: eb34c28f22e8b96e1ab97ce403110664 -> 
  custom:video-decoder-webm-vp8: 9c59270c3fd7afecdb556c50c9e8de78 -> 
  custom:audio-decoder-ogg-vorbis: bf7c407c2cedff20999df2af8eb42d56 -> 
  custom:audio-encoder-webm-vorbis: bf7c407c2cedff20999df2af8eb42d56 -> 
========================================================================
Received Import Request.
  path: Packages/com.unity.ext.nunit
  artifactKey: Guid(25a477c2f24db8778a4179421a32cc21) Importer(815301076,1909f56bfc062723c751e8b465ee728b)
Start importing Packages/com.unity.ext.nunit using Guid(25a477c2f24db8778a4179421a32cc21) Importer(815301076,1909f56bfc062723c751e8b465ee728b)  -> (artifact id: 'de8b3f671dc9f0a57b867a67d4aae8de') in 0.019900 seconds 
  Import took 0.023936 seconds .

========================================================================
Received Import Request.
  Time since last request: 0.000338 seconds.
  path: Packages/com.unity.ide.rider
  artifactKey: Guid(ea5aa18a49e4f29d74984ea0ea11a238) Importer(815301076,1909f56bfc062723c751e8b465ee728b)
Start importing Packages/com.unity.ide.rider using Guid(ea5aa18a49e4f29d74984ea0ea11a238) Importer(815301076,1909f56bfc062723c751e8b465ee728b)  -> (artifact id: '38d02623396ab86594f3405d33b9714f') in 0.020561 seconds 
  Import took 0.023886 seconds .

========================================================================
Received Import Request.
  Time since last request: 0.000255 seconds.
  path: Assets/Scenes/SampleScene.unity
  artifactKey: Guid(9fc0d4010bbf28b4594072e72b8655ab) Importer(815301076,1909f56bfc062723c751e8b465ee728b)
Start importing Assets/Scenes/SampleScene.unity using Guid(9fc0d4010bbf28b4594072e72b8655ab) Importer(815301076,1909f56bfc062723c751e8b465ee728b)  -> (artifact id: '85059f4f9e1a832ed95adaa0d25c5c4c') in 0.032747 seconds 
  Import took 0.040850 seconds .

========================================================================
Received Prepare
Registering precompiled user dll's ...
Registered in 0.023432 seconds.
Begin MonoManager ReloadAssembly
Native extension for WindowsStandalone target not found
Native extension for WebGL target not found
Refreshing native plugins compatible for Editor in 1.48 ms, found 2 plugins.
Preloading 0 native plugins for Editor in 0.00 ms.
Invalid AssetDatabase path: /Editor/EditorResources/cm_logo_sm.png. Use path relative to the project folder.
UnityEngine.StackTraceUtility:ExtractStackTrace ()
UnityEditor.AssetDatabase:LoadAssetAtPath<UnityEngine.Texture2D> (string)
Cinemachine.Editor.CinemachineSettings:get_CinemachineLogoTexture () (at Library/PackageCache/com.unity.cinemachine@2.5.0/Editor/Windows/CinemachineSettings.cs:193)
Cinemachine.Editor.CinemachineSettings:.cctor () (at Library/PackageCache/com.unity.cinemachine@2.5.0/Editor/Windows/CinemachineSettings.cs:225)
Cinemachine.CinemachineColliderPrefs:.cctor () (at Library/PackageCache/com.unity.cinemachine@2.5.0/Editor/Windows/CinemachineColliderPrefs.cs:61)
System.Runtime.CompilerServices.RuntimeHelpers:RunClassConstructor (System.RuntimeTypeHandle)
UnityEditor.EditorAssemblies:ProcessInitializeOnLoadAttributes (System.Type[])

[Library/PackageCache/com.unity.cinemachine@2.5.0/Editor/Windows/CinemachineSettings.cs line 193]

[ScriptCompilation] NOT recompiling all scripts because this is an import worker process. Reason to compile was: Define symbols changed
Mono: successfully reloaded assembly
- Completed reload, in  1.705 seconds
Domain Reload Profiling:
	ReloadAssembly (1706ms)
		BeginReloadAssembly (204ms)
			ExecutionOrderSort (0ms)
			DisableScriptedObjects (16ms)
			BackupInstance (0ms)
			ReleaseScriptingObjects (0ms)
			CreateAndSetChildDomain (60ms)
		EndReloadAssembly (1376ms)
			LoadAssemblies (162ms)
			RebuildTransferFunctionScriptingTraits (0ms)
			SetupTypeCache (491ms)
			ReleaseScriptCaches (1ms)
			RebuildScriptCaches (60ms)
			SetupLoadedEditorAssemblies (515ms)
				LogAssemblyErrors (0ms)
				InitializePlatformSupportModulesInManaged (9ms)
				SetLoadedEditorAssemblies (1ms)
				RefreshPlugins (2ms)
				BeforeProcessingInitializeOnLoad (165ms)
				ProcessInitializeOnLoadAttributes (304ms)
				ProcessInitializeOnLoadMethodAttributes (23ms)
				AfterProcessingInitializeOnLoad (12ms)
				EditorAssembliesLoaded (0ms)
			ExecutionOrderSort2 (0ms)
			AwakeInstancesAfterBackupRestoration (9ms)
Platform modules already initialized, skipping
Refreshing native plugins compatible for Editor in 0.90 ms, found 2 plugins.
Preloading 0 native plugins for Editor in 0.00 ms.
Unloading 1995 Unused Serialized files (Serialized files now loaded: 0)
System memory in use before: 87.5 MB.
System memory in use after: 85.5 MB.

Unloading 63 unused Assets to reduce memory usage. Loaded Objects now: 2393.
Total: 5.661800 ms (FindLiveObjects: 0.249600 ms CreateObjectMapping: 0.073600 ms MarkObjects: 4.434600 ms  DeleteObjects: 0.902000 ms)

AssetImportParameters requested are different than current active one (requested -> active):
  custom:framework-win-MediaFoundation: 216162199b28c13a410421893ffa2e32 -> 
  custom:video-decoder-ogg-theora: a1e56fd34408186e4bbccfd4996cb3dc -> 
  custom:container-muxer-webm: aa71ff27fc2769a1b78a27578f13a17b -> 
  custom:container-demuxer-webm: 4f35f7cbe854078d1ac9338744f61a02 -> 
  custom:container-demuxer-ogg: 62fdf1f143b41e24485cea50d1cbac27 -> 
  custom:video-encoder-webm-vp8: eb34c28f22e8b96e1ab97ce403110664 -> 
  custom:video-decoder-webm-vp8: 9c59270c3fd7afecdb556c50c9e8de78 -> 
  custom:audio-decoder-ogg-vorbis: bf7c407c2cedff20999df2af8eb42d56 -> 
  custom:audio-encoder-webm-vorbis: bf7c407c2cedff20999df2af8eb42d56 -> 
========================================================================
Received Prepare
Registering precompiled user dll's ...
Registered in 0.013718 seconds.
Begin MonoManager ReloadAssembly
Native extension for WindowsStandalone target not found
Native extension for WebGL target not found
Refreshing native plugins compatible for Editor in 0.98 ms, found 2 plugins.
Preloading 0 native plugins for Editor in 0.00 ms.
Mono: successfully reloaded assembly
- Completed reload, in  1.492 seconds
Domain Reload Profiling:
	ReloadAssembly (1493ms)
		BeginReloadAssembly (174ms)
			ExecutionOrderSort (0ms)
			DisableScriptedObjects (12ms)
			BackupInstance (0ms)
			ReleaseScriptingObjects (0ms)
			CreateAndSetChildDomain (50ms)
		EndReloadAssembly (1211ms)
			LoadAssemblies (139ms)
			RebuildTransferFunctionScriptingTraits (0ms)
			SetupTypeCache (412ms)
			ReleaseScriptCaches (1ms)
			RebuildScriptCaches (62ms)
			SetupLoadedEditorAssemblies (463ms)
				LogAssemblyErrors (0ms)
				InitializePlatformSupportModulesInManaged (9ms)
				SetLoadedEditorAssemblies (1ms)
				RefreshPlugins (1ms)
				BeforeProcessingInitializeOnLoad (131ms)
				ProcessInitializeOnLoadAttributes (297ms)
				ProcessInitializeOnLoadMethodAttributes (14ms)
				AfterProcessingInitializeOnLoad (10ms)
				EditorAssembliesLoaded (0ms)
			ExecutionOrderSort2 (0ms)
			AwakeInstancesAfterBackupRestoration (10ms)
Platform modules already initialized, skipping
Refreshing native plugins compatible for Editor in 1.28 ms, found 2 plugins.
Preloading 0 native plugins for Editor in 0.00 ms.
Unloading 2002 Unused Serialized files (Serialized files now loaded: 0)
System memory in use before: 89.2 MB.
System memory in use after: 86.4 MB.

Unloading 67 unused Assets to reduce memory usage. Loaded Objects now: 2400.
Total: 6.963300 ms (FindLiveObjects: 0.240800 ms CreateObjectMapping: 0.077400 ms MarkObjects: 5.149600 ms  DeleteObjects: 1.493700 ms)

AssetImportParameters requested are different than current active one (requested -> active):
  custom:framework-win-MediaFoundation: 216162199b28c13a410421893ffa2e32 -> 
  custom:video-decoder-ogg-theora: a1e56fd34408186e4bbccfd4996cb3dc -> 
  custom:container-muxer-webm: aa71ff27fc2769a1b78a27578f13a17b -> 
  custom:container-demuxer-webm: 4f35f7cbe854078d1ac9338744f61a02 -> 
  custom:container-demuxer-ogg: 62fdf1f143b41e24485cea50d1cbac27 -> 
  custom:video-encoder-webm-vp8: eb34c28f22e8b96e1ab97ce403110664 -> 
  custom:video-decoder-webm-vp8: 9c59270c3fd7afecdb556c50c9e8de78 -> 
  custom:audio-decoder-ogg-vorbis: bf7c407c2cedff20999df2af8eb42d56 -> 
  custom:audio-encoder-webm-vorbis: bf7c407c2cedff20999df2af8eb42d56 -> 
========================================================================
Received Prepare
Refreshing native plugins compatible for Editor in 12.53 ms, found 2 plugins.
Preloading 0 native plugins for Editor in 0.00 ms.
Unloading 64 Unused Serialized files (Serialized files now loaded: 0)
System memory in use before: 50.8 MB.
System memory in use after: 48.1 MB.

Unloading 64 unused Assets to reduce memory usage. Loaded Objects now: 2400.
Total: 7.356100 ms (FindLiveObjects: 0.290100 ms CreateObjectMapping: 0.109800 ms MarkObjects: 5.105000 ms  DeleteObjects: 1.849500 ms)

AssetImportParameters requested are different than current active one (requested -> active):
  custom:framework-win-MediaFoundation: 216162199b28c13a410421893ffa2e32 -> 
  custom:video-decoder-ogg-theora: a1e56fd34408186e4bbccfd4996cb3dc -> 
  custom:container-muxer-webm: aa71ff27fc2769a1b78a27578f13a17b -> 
  custom:container-demuxer-webm: 4f35f7cbe854078d1ac9338744f61a02 -> 
  custom:container-demuxer-ogg: 62fdf1f143b41e24485cea50d1cbac27 -> 
  custom:video-encoder-webm-vp8: eb34c28f22e8b96e1ab97ce403110664 -> 
  custom:video-decoder-webm-vp8: 9c59270c3fd7afecdb556c50c9e8de78 -> 
  custom:audio-decoder-ogg-vorbis: bf7c407c2cedff20999df2af8eb42d56 -> 
  custom:audio-encoder-webm-vorbis: bf7c407c2cedff20999df2af8eb42d56 -> 
========================================================================
Received Import Request.
  Time since last request: 226.715407 seconds.
  path: Assets/Models/Characters
  artifactKey: Guid(0a4baff46de2c5f42a4a87eb698b18ed) Importer(815301076,1909f56bfc062723c751e8b465ee728b)
Start importing Assets/Models/Characters using Guid(0a4baff46de2c5f42a4a87eb698b18ed) Importer(815301076,1909f56bfc062723c751e8b465ee728b)  -> (artifact id: 'bcf0abf1a7fc35b8a2d2cfade06a54c8') in 0.012532 seconds 
  Import took 0.017344 seconds .

========================================================================
Received Import Request.
  Time since last request: 24.647430 seconds.
  path: Assets/Scenes/MainScene.unity
  artifactKey: Guid(9fc0d4010bbf28b4594072e72b8655ab) Importer(815301076,1909f56bfc062723c751e8b465ee728b)
Start importing Assets/Scenes/MainScene.unity using Guid(9fc0d4010bbf28b4594072e72b8655ab) Importer(815301076,1909f56bfc062723c751e8b465ee728b)  -> (artifact id: 'a3402c4fa176f86fe723d8826f61520e') in 0.023040 seconds 
  Import took 0.027826 seconds .

========================================================================
Received Import Request.
  Time since last request: 8.626318 seconds.
  path: Assets/Prefabs/Level.prefab
  artifactKey: Guid(549c69af39b84624b8a053537c407def) Importer(815301076,1909f56bfc062723c751e8b465ee728b)
Start importing Assets/Prefabs/Level.prefab using Guid(549c69af39b84624b8a053537c407def) Importer(815301076,1909f56bfc062723c751e8b465ee728b)  -> (artifact id: '887217f905069fa4f5b3d7254539e378') in 5.966388 seconds 
  Import took 5.991623 seconds .

========================================================================
Received Import Request.
  Time since last request: 0.000265 seconds.
  path: Assets/Models/Characters/Ghost.fbx
  artifactKey: Guid(563ac48ff656d49478fd93213f4c0eb8) Importer(815301076,1909f56bfc062723c751e8b465ee728b)
Start importing Assets/Models/Characters/Ghost.fbx using Guid(563ac48ff656d49478fd93213f4c0eb8) Importer(815301076,1909f56bfc062723c751e8b465ee728b)  -> (artifact id: '1ee07adb82aeaac093e28437fa095841') in 0.288820 seconds 
  Import took 0.294004 seconds .

========================================================================
Received Import Request.
  Time since last request: 0.000219 seconds.
  path: Assets/Models/Characters/Gargoyle.fbx
  artifactKey: Guid(d3312d02a690eda48bd6807bf5c78084) Importer(815301076,1909f56bfc062723c751e8b465ee728b)
Start importing Assets/Models/Characters/Gargoyle.fbx using Guid(d3312d02a690eda48bd6807bf5c78084) Importer(815301076,1909f56bfc062723c751e8b465ee728b)  -> (artifact id: 'cd0f4ff3fa85ee012274140d3bef8d7c') in 0.466013 seconds 
  Import took 0.471523 seconds .

========================================================================
Received Import Request.
  Time since last request: 0.000346 seconds.
  path: Assets/Models/Characters/JohnLemon.fbx
  artifactKey: Guid(b44f3940c4940544a8c2c6aee5fa086f) Importer(815301076,1909f56bfc062723c751e8b465ee728b)
Start importing Assets/Models/Characters/JohnLemon.fbx using Guid(b44f3940c4940544a8c2c6aee5fa086f) Importer(815301076,1909f56bfc062723c751e8b465ee728b)  -> (artifact id: '25b42c6acb9cf3919c1e3a65ac9106b3') in 0.332927 seconds 
  Import took 0.347639 seconds .

========================================================================
Received Prepare
Registering precompiled user dll's ...
Registered in 0.011066 seconds.
Begin MonoManager ReloadAssembly
Native extension for WindowsStandalone target not found
Native extension for WebGL target not found
Refreshing native plugins compatible for Editor in 0.78 ms, found 2 plugins.
Preloading 0 native plugins for Editor in 0.00 ms.
Mono: successfully reloaded assembly
- Completed reload, in  1.447 seconds
Domain Reload Profiling:
	ReloadAssembly (1447ms)
		BeginReloadAssembly (171ms)
			ExecutionOrderSort (0ms)
			DisableScriptedObjects (10ms)
			BackupInstance (0ms)
			ReleaseScriptingObjects (0ms)
			CreateAndSetChildDomain (48ms)
		EndReloadAssembly (1174ms)
			LoadAssemblies (136ms)
			RebuildTransferFunctionScriptingTraits (0ms)
			SetupTypeCache (396ms)
			ReleaseScriptCaches (1ms)
			RebuildScriptCaches (60ms)
			SetupLoadedEditorAssemblies (442ms)
				LogAssemblyErrors (0ms)
				InitializePlatformSupportModulesInManaged (7ms)
				SetLoadedEditorAssemblies (1ms)
				RefreshPlugins (1ms)
				BeforeProcessingInitializeOnLoad (125ms)
				ProcessInitializeOnLoadAttributes (282ms)
				ProcessInitializeOnLoadMethodAttributes (18ms)
				AfterProcessingInitializeOnLoad (10ms)
				EditorAssembliesLoaded (0ms)
			ExecutionOrderSort2 (0ms)
			AwakeInstancesAfterBackupRestoration (9ms)
Platform modules already initialized, skipping
Refreshing native plugins compatible for Editor in 0.97 ms, found 2 plugins.
Preloading 0 native plugins for Editor in 0.00 ms.
Unloading 2000 Unused Serialized files (Serialized files now loaded: 0)
System memory in use before: 165.7 MB.
System memory in use after: 163.8 MB.

Unloading 64 unused Assets to reduce memory usage. Loaded Objects now: 2422.
Total: 7.490400 ms (FindLiveObjects: 0.238100 ms CreateObjectMapping: 0.073800 ms MarkObjects: 6.139900 ms  DeleteObjects: 1.036600 ms)

AssetImportParameters requested are different than current active one (requested -> active):
  custom:framework-win-MediaFoundation: 216162199b28c13a410421893ffa2e32 -> 
  custom:video-decoder-ogg-theora: a1e56fd34408186e4bbccfd4996cb3dc -> 
  custom:container-muxer-webm: aa71ff27fc2769a1b78a27578f13a17b -> 
  custom:container-demuxer-webm: 4f35f7cbe854078d1ac9338744f61a02 -> 
  custom:container-demuxer-ogg: 62fdf1f143b41e24485cea50d1cbac27 -> 
  custom:video-encoder-webm-vp8: eb34c28f22e8b96e1ab97ce403110664 -> 
  custom:video-decoder-webm-vp8: 9c59270c3fd7afecdb556c50c9e8de78 -> 
  custom:audio-decoder-ogg-vorbis: bf7c407c2cedff20999df2af8eb42d56 -> 
  custom:audio-encoder-webm-vorbis: bf7c407c2cedff20999df2af8eb42d56 -> 
========================================================================
Received Import Request.
  Time since last request: 284.162199 seconds.
  path: Assets/Prefabs/JohnLemon.prefab
  artifactKey: Guid(69615d0d6a15a5749bb1d0d0bb025f79) Importer(815301076,1909f56bfc062723c751e8b465ee728b)
Start importing Assets/Prefabs/JohnLemon.prefab using Guid(69615d0d6a15a5749bb1d0d0bb025f79) Importer(815301076,1909f56bfc062723c751e8b465ee728b)  -> (artifact id: '4203967383d87e2f51556f99115ff91b') in 0.136658 seconds 
  Import took 0.143422 seconds .

========================================================================
Received Import Request.
  Time since last request: 143.531796 seconds.
  path: Assets/Animation/Animators
  artifactKey: Guid(3e1ff1aa196645e4a912d1c3bb76a860) Importer(815301076,1909f56bfc062723c751e8b465ee728b)
Start importing Assets/Animation/Animators using Guid(3e1ff1aa196645e4a912d1c3bb76a860) Importer(815301076,1909f56bfc062723c751e8b465ee728b)  -> (artifact id: '4392db6839efc0dd55eb322660518eab') in 0.013072 seconds 
  Import took 0.017854 seconds .

========================================================================
Received Import Request.
  Time since last request: 25.872834 seconds.
  path: Assets/Animation/Animators/JohnLemon.controller
  artifactKey: Guid(3aa4e1166bcb7a449bbce32bd25a9425) Importer(815301076,1909f56bfc062723c751e8b465ee728b)
Start importing Assets/Animation/Animators/JohnLemon.controller using Guid(3aa4e1166bcb7a449bbce32bd25a9425) Importer(815301076,1909f56bfc062723c751e8b465ee728b)  -> (artifact id: '7e5e7cebc726e8594c0d5f23d1156841') in 0.010295 seconds 
  Import took 0.018135 seconds .

========================================================================
Received Import Request.
  Time since last request: 129.703385 seconds.
  path: Assets/Animation/Animation/Gargoyle@Idle.fbx
  artifactKey: Guid(475d389e70692ca4abb09caca1aef9ae) Importer(815301076,1909f56bfc062723c751e8b465ee728b)
Start importing Assets/Animation/Animation/Gargoyle@Idle.fbx using Guid(475d389e70692ca4abb09caca1aef9ae) Importer(815301076,1909f56bfc062723c751e8b465ee728b)  -> (artifact id: 'd885bb5b71172def2cc9ed824c9b1985') in 0.072355 seconds 
  Import took 0.078846 seconds .

========================================================================
Received Import Request.
  Time since last request: 0.000246 seconds.
  path: Assets/Animation/Animation/John@Idle.fbx
  artifactKey: Guid(873202b19b03a8a4e976f0b15d21cd24) Importer(815301076,1909f56bfc062723c751e8b465ee728b)
Start importing Assets/Animation/Animation/John@Idle.fbx using Guid(873202b19b03a8a4e976f0b15d21cd24) Importer(815301076,1909f56bfc062723c751e8b465ee728b)  -> (artifact id: 'f150e66002d72ea90df8f20fff09a80e') in 0.044531 seconds 
  Import took 0.048592 seconds .

========================================================================
Received Import Request.
  Time since last request: 0.000227 seconds.
  path: Assets/Animation/Animation/Ghost@Walk.fbx
  artifactKey: Guid(2017cad317b564c409a9e5bd02341461) Importer(815301076,1909f56bfc062723c751e8b465ee728b)
Start importing Assets/Animation/Animation/Ghost@Walk.fbx using Guid(2017cad317b564c409a9e5bd02341461) Importer(815301076,1909f56bfc062723c751e8b465ee728b)  -> (artifact id: '40f232f396e0c4b6bfa31afe9b01b087') in 0.050655 seconds 
  Import took 0.055053 seconds .

========================================================================
Received Import Request.
  Time since last request: 0.000249 seconds.
  path: Assets/Animation/Animation/John@Walk.fbx
  artifactKey: Guid(da1625e6a723d1745a6ba7f6565a130f) Importer(815301076,1909f56bfc062723c751e8b465ee728b)
Start importing Assets/Animation/Animation/John@Walk.fbx using Guid(da1625e6a723d1745a6ba7f6565a130f) Importer(815301076,1909f56bfc062723c751e8b465ee728b)  -> (artifact id: '6b3db46c9d47f6c6e995b9ef9b748c63') in 0.046209 seconds 
  Import took 0.050797 seconds .

========================================================================
Received Import Request.
  Time since last request: 0.000236 seconds.
  path: Assets/Animation/Animation/Ghost@Shower.fbx
  artifactKey: Guid(4c7b6999390a2c24498d13e4084b200f) Importer(815301076,1909f56bfc062723c751e8b465ee728b)
Start importing Assets/Animation/Animation/Ghost@Shower.fbx using Guid(4c7b6999390a2c24498d13e4084b200f) Importer(815301076,1909f56bfc062723c751e8b465ee728b)  -> (artifact id: '2362f5c3d5e128d5f29361afd6c65b01') in 0.039084 seconds 
  Import took 0.043630 seconds .

========================================================================
Received Import Request.
  Time since last request: 17.597758 seconds.
  path: Assets/Animation/Animation
  artifactKey: Guid(16c12986779f71343a6e6759d132b35e) Importer(815301076,1909f56bfc062723c751e8b465ee728b)
Start importing Assets/Animation/Animation using Guid(16c12986779f71343a6e6759d132b35e) Importer(815301076,1909f56bfc062723c751e8b465ee728b)  -> (artifact id: '0855df43b2a6b466047a4b4cb3967930') in 0.012829 seconds 
  Import took 0.017738 seconds .

========================================================================
Received Import Request.
  Time since last request: 308.407240 seconds.
  path: Assets/Animation/Animators/JohnLemon.controller
  artifactKey: Guid(3aa4e1166bcb7a449bbce32bd25a9425) Importer(815301076,1909f56bfc062723c751e8b465ee728b)
Start importing Assets/Animation/Animators/JohnLemon.controller using Guid(3aa4e1166bcb7a449bbce32bd25a9425) Importer(815301076,1909f56bfc062723c751e8b465ee728b)  -> (artifact id: 'a1fd633705baf75c817b065e434f85bf') in 0.012300 seconds 
  Import took 0.017969 seconds .

========================================================================
Received Prepare
Registering precompiled user dll's ...
Registered in 0.015391 seconds.
Begin MonoManager ReloadAssembly
Native extension for WindowsStandalone target not found
Native extension for WebGL target not found
Refreshing native plugins compatible for Editor in 1.72 ms, found 2 plugins.
Preloading 0 native plugins for Editor in 0.00 ms.
Mono: successfully reloaded assembly
- Completed reload, in  2.104 seconds
Domain Reload Profiling:
	ReloadAssembly (2105ms)
		BeginReloadAssembly (270ms)
			ExecutionOrderSort (0ms)
			DisableScriptedObjects (13ms)
			BackupInstance (0ms)
			ReleaseScriptingObjects (0ms)
			CreateAndSetChildDomain (67ms)
		EndReloadAssembly (1661ms)
			LoadAssemblies (288ms)
			RebuildTransferFunctionScriptingTraits (0ms)
			SetupTypeCache (517ms)
			ReleaseScriptCaches (8ms)
			RebuildScriptCaches (113ms)
			SetupLoadedEditorAssemblies (533ms)
				LogAssemblyErrors (0ms)
				InitializePlatformSupportModulesInManaged (15ms)
				SetLoadedEditorAssemblies (1ms)
				RefreshPlugins (2ms)
				BeforeProcessingInitializeOnLoad (162ms)
				ProcessInitializeOnLoadAttributes (318ms)
				ProcessInitializeOnLoadMethodAttributes (21ms)
				AfterProcessingInitializeOnLoad (14ms)
				EditorAssembliesLoaded (0ms)
			ExecutionOrderSort2 (0ms)
			AwakeInstancesAfterBackupRestoration (14ms)
Platform modules already initialized, skipping
Refreshing native plugins compatible for Editor in 1.22 ms, found 2 plugins.
Preloading 0 native plugins for Editor in 0.00 ms.
Unloading 1997 Unused Serialized files (Serialized files now loaded: 0)
System memory in use before: 165.5 MB.
System memory in use after: 163.5 MB.

Unloading 65 unused Assets to reduce memory usage. Loaded Objects now: 2425.
Total: 5.671100 ms (FindLiveObjects: 0.460500 ms CreateObjectMapping: 0.068100 ms MarkObjects: 3.703100 ms  DeleteObjects: 1.437600 ms)

AssetImportParameters requested are different than current active one (requested -> active):
  custom:framework-win-MediaFoundation: 216162199b28c13a410421893ffa2e32 -> 
  custom:video-decoder-ogg-theora: a1e56fd34408186e4bbccfd4996cb3dc -> 
  custom:container-muxer-webm: aa71ff27fc2769a1b78a27578f13a17b -> 
  custom:container-demuxer-webm: 4f35f7cbe854078d1ac9338744f61a02 -> 
  custom:container-demuxer-ogg: 62fdf1f143b41e24485cea50d1cbac27 -> 
  custom:video-encoder-webm-vp8: eb34c28f22e8b96e1ab97ce403110664 -> 
  custom:video-decoder-webm-vp8: 9c59270c3fd7afecdb556c50c9e8de78 -> 
  custom:audio-decoder-ogg-vorbis: bf7c407c2cedff20999df2af8eb42d56 -> 
  custom:audio-encoder-webm-vorbis: bf7c407c2cedff20999df2af8eb42d56 -> 
========================================================================
Received Import Request.
  Time since last request: 123.893507 seconds.
  path: Assets/Prefabs/JohnLemon.prefab
  artifactKey: Guid(69615d0d6a15a5749bb1d0d0bb025f79) Importer(815301076,1909f56bfc062723c751e8b465ee728b)
Start importing Assets/Prefabs/JohnLemon.prefab using Guid(69615d0d6a15a5749bb1d0d0bb025f79) Importer(815301076,1909f56bfc062723c751e8b465ee728b)  -> (artifact id: '9f39c819b46d22f34e1466951fe62b14') in 0.097912 seconds 
  Import took 0.103091 seconds .

========================================================================
Received Prepare
Registering precompiled user dll's ...
Registered in 0.013353 seconds.
Begin MonoManager ReloadAssembly
Native extension for WindowsStandalone target not found
Native extension for WebGL target not found
Refreshing native plugins compatible for Editor in 1.24 ms, found 2 plugins.
Preloading 0 native plugins for Editor in 0.00 ms.
Mono: successfully reloaded assembly
- Completed reload, in  1.947 seconds
Domain Reload Profiling:
	ReloadAssembly (1948ms)
		BeginReloadAssembly (187ms)
			ExecutionOrderSort (0ms)
			DisableScriptedObjects (7ms)
			BackupInstance (0ms)
			ReleaseScriptingObjects (0ms)
			CreateAndSetChildDomain (42ms)
		EndReloadAssembly (1660ms)
			LoadAssemblies (250ms)
			RebuildTransferFunctionScriptingTraits (0ms)
			SetupTypeCache (548ms)
			ReleaseScriptCaches (2ms)
			RebuildScriptCaches (93ms)
			SetupLoadedEditorAssemblies (561ms)
				LogAssemblyErrors (0ms)
				InitializePlatformSupportModulesInManaged (13ms)
				SetLoadedEditorAssemblies (1ms)
				RefreshPlugins (1ms)
				BeforeProcessingInitializeOnLoad (197ms)
				ProcessInitializeOnLoadAttributes (319ms)
				ProcessInitializeOnLoadMethodAttributes (19ms)
				AfterProcessingInitializeOnLoad (11ms)
				EditorAssembliesLoaded (0ms)
			ExecutionOrderSort2 (0ms)
			AwakeInstancesAfterBackupRestoration (10ms)
Platform modules already initialized, skipping
Refreshing native plugins compatible for Editor in 2.19 ms, found 2 plugins.
Preloading 0 native plugins for Editor in 0.00 ms.
Unloading 1997 Unused Serialized files (Serialized files now loaded: 0)
System memory in use before: 165.5 MB.
System memory in use after: 163.6 MB.

Unloading 64 unused Assets to reduce memory usage. Loaded Objects now: 2428.
Total: 7.028800 ms (FindLiveObjects: 0.296300 ms CreateObjectMapping: 0.088200 ms MarkObjects: 5.177200 ms  DeleteObjects: 1.464400 ms)

AssetImportParameters requested are different than current active one (requested -> active):
  custom:framework-win-MediaFoundation: 216162199b28c13a410421893ffa2e32 -> 
  custom:video-decoder-ogg-theora: a1e56fd34408186e4bbccfd4996cb3dc -> 
  custom:container-muxer-webm: aa71ff27fc2769a1b78a27578f13a17b -> 
  custom:container-demuxer-webm: 4f35f7cbe854078d1ac9338744f61a02 -> 
  custom:container-demuxer-ogg: 62fdf1f143b41e24485cea50d1cbac27 -> 
  custom:video-encoder-webm-vp8: eb34c28f22e8b96e1ab97ce403110664 -> 
  custom:video-decoder-webm-vp8: 9c59270c3fd7afecdb556c50c9e8de78 -> 
  custom:audio-decoder-ogg-vorbis: bf7c407c2cedff20999df2af8eb42d56 -> 
  custom:audio-encoder-webm-vorbis: bf7c407c2cedff20999df2af8eb42d56 -> 
========================================================================
Received Import Request.
  Time since last request: 136.449543 seconds.
  path: Assets/Prefabs/JohnLemon.prefab
  artifactKey: Guid(69615d0d6a15a5749bb1d0d0bb025f79) Importer(815301076,1909f56bfc062723c751e8b465ee728b)
Start importing Assets/Prefabs/JohnLemon.prefab using Guid(69615d0d6a15a5749bb1d0d0bb025f79) Importer(815301076,1909f56bfc062723c751e8b465ee728b)  -> (artifact id: 'b7e8a77d85b0b6e7c98bfe9c6017d967') in 0.103362 seconds 
  Import took 0.108620 seconds .

========================================================================
Received Import Request.
  Time since last request: 156.590612 seconds.
  path: Assets/Prefabs/JohnLemon.prefab
  artifactKey: Guid(69615d0d6a15a5749bb1d0d0bb025f79) Importer(815301076,1909f56bfc062723c751e8b465ee728b)
Start importing Assets/Prefabs/JohnLemon.prefab using Guid(69615d0d6a15a5749bb1d0d0bb025f79) Importer(815301076,1909f56bfc062723c751e8b465ee728b)  -> (artifact id: '4b2bda36cea06cfb344376cd70ecd71c') in 0.065564 seconds 
  Import took 0.076486 seconds .

========================================================================
Received Import Request.
  Time since last request: 43.524865 seconds.
  path: Assets/Scripts
  artifactKey: Guid(4b32d296f22ef544caf49758d8111991) Importer(815301076,1909f56bfc062723c751e8b465ee728b)
Start importing Assets/Scripts using Guid(4b32d296f22ef544caf49758d8111991) Importer(815301076,1909f56bfc062723c751e8b465ee728b)  -> (artifact id: '2d528e37f5c49bf418a7f0cc4e296a1f') in 0.015693 seconds 
  Import took 0.020240 seconds .

========================================================================
Received Import Request.
  Time since last request: 15.643725 seconds.
  path: Assets/Scripts/PlayerMovement.cs
  artifactKey: Guid(dbdf6094d7d27d84abf160fdb2a7eeeb) Importer(815301076,1909f56bfc062723c751e8b465ee728b)
Start importing Assets/Scripts/PlayerMovement.cs using Guid(dbdf6094d7d27d84abf160fdb2a7eeeb) Importer(815301076,1909f56bfc062723c751e8b465ee728b)  -> (artifact id: 'b1806b1a62a2b9eb5f8a89666ae2d1ae') in 0.048772 seconds 
  Import took 0.057194 seconds .

========================================================================
Received Prepare
Registering precompiled user dll's ...
Registered in 0.013978 seconds.
Begin MonoManager ReloadAssembly
Native extension for WindowsStandalone target not found
Native extension for WebGL target not found
Refreshing native plugins compatible for Editor in 1.15 ms, found 2 plugins.
Preloading 0 native plugins for Editor in 0.00 ms.
Mono: successfully reloaded assembly
- Completed reload, in  1.710 seconds
Domain Reload Profiling:
	ReloadAssembly (1711ms)
		BeginReloadAssembly (276ms)
			ExecutionOrderSort (0ms)
			DisableScriptedObjects (13ms)
			BackupInstance (0ms)
			ReleaseScriptingObjects (0ms)
			CreateAndSetChildDomain (86ms)
		EndReloadAssembly (1328ms)
			LoadAssemblies (190ms)
			RebuildTransferFunctionScriptingTraits (0ms)
			SetupTypeCache (453ms)
			ReleaseScriptCaches (1ms)
			RebuildScriptCaches (65ms)
			SetupLoadedEditorAssemblies (512ms)
				LogAssemblyErrors (0ms)
				InitializePlatformSupportModulesInManaged (10ms)
				SetLoadedEditorAssemblies (1ms)
				RefreshPlugins (1ms)
				BeforeProcessingInitializeOnLoad (140ms)
				ProcessInitializeOnLoadAttributes (326ms)
				ProcessInitializeOnLoadMethodAttributes (19ms)
				AfterProcessingInitializeOnLoad (15ms)
				EditorAssembliesLoaded (1ms)
			ExecutionOrderSort2 (0ms)
			AwakeInstancesAfterBackupRestoration (12ms)
Platform modules already initialized, skipping
Refreshing native plugins compatible for Editor in 1.25 ms, found 2 plugins.
Preloading 0 native plugins for Editor in 0.00 ms.
Unloading 1998 Unused Serialized files (Serialized files now loaded: 0)
System memory in use before: 165.6 MB.
System memory in use after: 163.6 MB.

Unloading 64 unused Assets to reduce memory usage. Loaded Objects now: 2432.
Total: 5.142400 ms (FindLiveObjects: 0.293300 ms CreateObjectMapping: 0.071400 ms MarkObjects: 3.840400 ms  DeleteObjects: 0.935700 ms)

AssetImportParameters requested are different than current active one (requested -> active):
  custom:framework-win-MediaFoundation: 216162199b28c13a410421893ffa2e32 -> 
  custom:video-decoder-ogg-theora: a1e56fd34408186e4bbccfd4996cb3dc -> 
  custom:container-muxer-webm: aa71ff27fc2769a1b78a27578f13a17b -> 
  custom:container-demuxer-webm: 4f35f7cbe854078d1ac9338744f61a02 -> 
  custom:container-demuxer-ogg: 62fdf1f143b41e24485cea50d1cbac27 -> 
  custom:video-encoder-webm-vp8: eb34c28f22e8b96e1ab97ce403110664 -> 
  custom:video-decoder-webm-vp8: 9c59270c3fd7afecdb556c50c9e8de78 -> 
  custom:audio-decoder-ogg-vorbis: bf7c407c2cedff20999df2af8eb42d56 -> 
  custom:audio-encoder-webm-vorbis: bf7c407c2cedff20999df2af8eb42d56 -> 
========================================================================
Received Prepare
Registering precompiled user dll's ...
Registered in 0.010022 seconds.
Begin MonoManager ReloadAssembly
Native extension for WindowsStandalone target not found
Native extension for WebGL target not found
Refreshing native plugins compatible for Editor in 1.15 ms, found 2 plugins.
Preloading 0 native plugins for Editor in 0.00 ms.
Mono: successfully reloaded assembly
- Completed reload, in  1.794 seconds
Domain Reload Profiling:
	ReloadAssembly (1795ms)
		BeginReloadAssembly (163ms)
			ExecutionOrderSort (0ms)
			DisableScriptedObjects (8ms)
			BackupInstance (0ms)
			ReleaseScriptingObjects (0ms)
			CreateAndSetChildDomain (43ms)
		EndReloadAssembly (1523ms)
			LoadAssemblies (154ms)
			RebuildTransferFunctionScriptingTraits (0ms)
			SetupTypeCache (557ms)
			ReleaseScriptCaches (2ms)
			RebuildScriptCaches (76ms)
			SetupLoadedEditorAssemblies (517ms)
				LogAssemblyErrors (0ms)
				InitializePlatformSupportModulesInManaged (11ms)
				SetLoadedEditorAssemblies (1ms)
				RefreshPlugins (1ms)
				BeforeProcessingInitializeOnLoad (142ms)
				ProcessInitializeOnLoadAttributes (337ms)
				ProcessInitializeOnLoadMethodAttributes (15ms)
				AfterProcessingInitializeOnLoad (11ms)
				EditorAssembliesLoaded (0ms)
			ExecutionOrderSort2 (0ms)
			AwakeInstancesAfterBackupRestoration (10ms)
Platform modules already initialized, skipping
Refreshing native plugins compatible for Editor in 1.20 ms, found 2 plugins.
Preloading 0 native plugins for Editor in 0.00 ms.
Unloading 1998 Unused Serialized files (Serialized files now loaded: 0)
System memory in use before: 165.6 MB.
System memory in use after: 163.6 MB.

Unloading 64 unused Assets to reduce memory usage. Loaded Objects now: 2434.
Total: 6.423000 ms (FindLiveObjects: 0.310200 ms CreateObjectMapping: 0.084700 ms MarkObjects: 4.731800 ms  DeleteObjects: 1.292300 ms)

AssetImportParameters requested are different than current active one (requested -> active):
  custom:framework-win-MediaFoundation: 216162199b28c13a410421893ffa2e32 -> 
  custom:video-decoder-ogg-theora: a1e56fd34408186e4bbccfd4996cb3dc -> 
  custom:container-muxer-webm: aa71ff27fc2769a1b78a27578f13a17b -> 
  custom:container-demuxer-webm: 4f35f7cbe854078d1ac9338744f61a02 -> 
  custom:container-demuxer-ogg: 62fdf1f143b41e24485cea50d1cbac27 -> 
  custom:video-encoder-webm-vp8: eb34c28f22e8b96e1ab97ce403110664 -> 
  custom:video-decoder-webm-vp8: 9c59270c3fd7afecdb556c50c9e8de78 -> 
  custom:audio-decoder-ogg-vorbis: bf7c407c2cedff20999df2af8eb42d56 -> 
  custom:audio-encoder-webm-vorbis: bf7c407c2cedff20999df2af8eb42d56 -> 
========================================================================
Received Import Request.
  Time since last request: 210.822074 seconds.
  path: Assets/Scripts/PlayerMovement.cs
  artifactKey: Guid(dbdf6094d7d27d84abf160fdb2a7eeeb) Importer(815301076,1909f56bfc062723c751e8b465ee728b)
Start importing Assets/Scripts/PlayerMovement.cs using Guid(dbdf6094d7d27d84abf160fdb2a7eeeb) Importer(815301076,1909f56bfc062723c751e8b465ee728b)  -> (artifact id: '182b37dd90c519287433df9c59463c35') in 0.012648 seconds 
  Import took 0.018154 seconds .

========================================================================
Received Import Request.
  Time since last request: 99.909102 seconds.
  path: Assets/Scenes/MainScene.unity
  artifactKey: Guid(9fc0d4010bbf28b4594072e72b8655ab) Importer(815301076,1909f56bfc062723c751e8b465ee728b)
Start importing Assets/Scenes/MainScene.unity using Guid(9fc0d4010bbf28b4594072e72b8655ab) Importer(815301076,1909f56bfc062723c751e8b465ee728b)  -> (artifact id: '9a95c7c0dc0af25b25e407c980179e35') in 0.041030 seconds 
  Import took 0.047444 seconds .

========================================================================
Received Prepare
Registering precompiled user dll's ...
Registered in 0.013005 seconds.
Begin MonoManager ReloadAssembly
Native extension for WindowsStandalone target not found
Native extension for WebGL target not found
Refreshing native plugins compatible for Editor in 1.20 ms, found 2 plugins.
Preloading 0 native plugins for Editor in 0.00 ms.
Mono: successfully reloaded assembly
- Completed reload, in  1.723 seconds
Domain Reload Profiling:
	ReloadAssembly (1724ms)
		BeginReloadAssembly (244ms)
			ExecutionOrderSort (0ms)
			DisableScriptedObjects (13ms)
			BackupInstance (0ms)
			ReleaseScriptingObjects (0ms)
			CreateAndSetChildDomain (66ms)
		EndReloadAssembly (1332ms)
			LoadAssemblies (184ms)
			RebuildTransferFunctionScriptingTraits (0ms)
			SetupTypeCache (425ms)
			ReleaseScriptCaches (2ms)
			RebuildScriptCaches (73ms)
			SetupLoadedEditorAssemblies (495ms)
				LogAssemblyErrors (0ms)
				InitializePlatformSupportModulesInManaged (10ms)
				SetLoadedEditorAssemblies (1ms)
				RefreshPlugins (1ms)
				BeforeProcessingInitializeOnLoad (154ms)
				ProcessInitializeOnLoadAttributes (303ms)
				ProcessInitializeOnLoadMethodAttributes (13ms)
				AfterProcessingInitializeOnLoad (11ms)
				EditorAssembliesLoaded (0ms)
			ExecutionOrderSort2 (0ms)
			AwakeInstancesAfterBackupRestoration (10ms)
Platform modules already initialized, skipping
Refreshing native plugins compatible for Editor in 1.03 ms, found 2 plugins.
Preloading 0 native plugins for Editor in 0.00 ms.
Unloading 1998 Unused Serialized files (Serialized files now loaded: 0)
System memory in use before: 165.6 MB.
System memory in use after: 163.6 MB.

Unloading 64 unused Assets to reduce memory usage. Loaded Objects now: 2436.
Total: 5.929300 ms (FindLiveObjects: 0.245400 ms CreateObjectMapping: 0.073100 ms MarkObjects: 4.553200 ms  DeleteObjects: 1.055900 ms)

AssetImportParameters requested are different than current active one (requested -> active):
  custom:framework-win-MediaFoundation: 216162199b28c13a410421893ffa2e32 -> 
  custom:video-decoder-ogg-theora: a1e56fd34408186e4bbccfd4996cb3dc -> 
  custom:container-muxer-webm: aa71ff27fc2769a1b78a27578f13a17b -> 
  custom:container-demuxer-webm: 4f35f7cbe854078d1ac9338744f61a02 -> 
  custom:container-demuxer-ogg: 62fdf1f143b41e24485cea50d1cbac27 -> 
  custom:video-encoder-webm-vp8: eb34c28f22e8b96e1ab97ce403110664 -> 
  custom:video-decoder-webm-vp8: 9c59270c3fd7afecdb556c50c9e8de78 -> 
  custom:audio-decoder-ogg-vorbis: bf7c407c2cedff20999df2af8eb42d56 -> 
  custom:audio-encoder-webm-vorbis: bf7c407c2cedff20999df2af8eb42d56 -> 
========================================================================
Received Import Request.
  Time since last request: 207.584868 seconds.
  path: Assets/Prefabs/JohnLemon.prefab
  artifactKey: Guid(69615d0d6a15a5749bb1d0d0bb025f79) Importer(815301076,1909f56bfc062723c751e8b465ee728b)
Start importing Assets/Prefabs/JohnLemon.prefab using Guid(69615d0d6a15a5749bb1d0d0bb025f79) Importer(815301076,1909f56bfc062723c751e8b465ee728b)  -> (artifact id: 'a899554f0c961caa44c4dd937aac773f') in 0.103379 seconds 
  Import took 0.108923 seconds .

========================================================================
Received Import Request.
  Time since last request: 46.102461 seconds.
  path: Assets/Prefabs/Environment
  artifactKey: Guid(0de8ecb26cbe0cc42824052a40e35836) Importer(815301076,1909f56bfc062723c751e8b465ee728b)
Start importing Assets/Prefabs/Environment using Guid(0de8ecb26cbe0cc42824052a40e35836) Importer(815301076,1909f56bfc062723c751e8b465ee728b)  -> (artifact id: 'ba34c4137ecdc4abbe8b4defc5995b50') in 0.013220 seconds 
  Import took 0.018124 seconds .

========================================================================
Received Prepare
Registering precompiled user dll's ...
Registered in 0.013074 seconds.
Begin MonoManager ReloadAssembly
Native extension for WindowsStandalone target not found
Native extension for WebGL target not found
Refreshing native plugins compatible for Editor in 0.96 ms, found 2 plugins.
Preloading 0 native plugins for Editor in 0.00 ms.
Mono: successfully reloaded assembly
- Completed reload, in  2.580 seconds
Domain Reload Profiling:
	ReloadAssembly (2581ms)
		BeginReloadAssembly (418ms)
			ExecutionOrderSort (0ms)
			DisableScriptedObjects (83ms)
			BackupInstance (0ms)
			ReleaseScriptingObjects (0ms)
			CreateAndSetChildDomain (105ms)
		EndReloadAssembly (2007ms)
			LoadAssemblies (234ms)
			RebuildTransferFunctionScriptingTraits (0ms)
			SetupTypeCache (810ms)
			ReleaseScriptCaches (2ms)
			RebuildScriptCaches (103ms)
			SetupLoadedEditorAssemblies (734ms)
				LogAssemblyErrors (0ms)
				InitializePlatformSupportModulesInManaged (10ms)
				SetLoadedEditorAssemblies (1ms)
				RefreshPlugins (1ms)
				BeforeProcessingInitializeOnLoad (222ms)
				ProcessInitializeOnLoadAttributes (470ms)
				ProcessInitializeOnLoadMethodAttributes (18ms)
				AfterProcessingInitializeOnLoad (12ms)
				EditorAssembliesLoaded (0ms)
			ExecutionOrderSort2 (0ms)
			AwakeInstancesAfterBackupRestoration (10ms)
Platform modules already initialized, skipping
Refreshing native plugins compatible for Editor in 1.10 ms, found 2 plugins.
Preloading 0 native plugins for Editor in 0.00 ms.
Unloading 1998 Unused Serialized files (Serialized files now loaded: 0)
System memory in use before: 165.6 MB.
System memory in use after: 163.6 MB.

Unloading 64 unused Assets to reduce memory usage. Loaded Objects now: 2439.
Total: 5.366000 ms (FindLiveObjects: 0.283100 ms CreateObjectMapping: 0.080000 ms MarkObjects: 3.933000 ms  DeleteObjects: 1.067900 ms)

AssetImportParameters requested are different than current active one (requested -> active):
  custom:framework-win-MediaFoundation: 216162199b28c13a410421893ffa2e32 -> 
  custom:video-decoder-ogg-theora: a1e56fd34408186e4bbccfd4996cb3dc -> 
  custom:container-muxer-webm: aa71ff27fc2769a1b78a27578f13a17b -> 
  custom:container-demuxer-webm: 4f35f7cbe854078d1ac9338744f61a02 -> 
  custom:container-demuxer-ogg: 62fdf1f143b41e24485cea50d1cbac27 -> 
  custom:video-encoder-webm-vp8: eb34c28f22e8b96e1ab97ce403110664 -> 
  custom:video-decoder-webm-vp8: 9c59270c3fd7afecdb556c50c9e8de78 -> 
  custom:audio-decoder-ogg-vorbis: bf7c407c2cedff20999df2af8eb42d56 -> 
  custom:audio-encoder-webm-vorbis: bf7c407c2cedff20999df2af8eb42d56 -> 
========================================================================
Received Import Request.
  Time since last request: 472.644131 seconds.
  path: Assets/Readme.asset
  artifactKey: Guid(5aa8565dc31eb3f4a97f05eb11fe8445) Importer(815301076,1909f56bfc062723c751e8b465ee728b)
Start importing Assets/Readme.asset using Guid(5aa8565dc31eb3f4a97f05eb11fe8445) Importer(815301076,1909f56bfc062723c751e8b465ee728b)  -> (artifact id: '78ee8df90693d827b51bc5f66f689e87') in 0.046681 seconds 
  Import took 0.051632 seconds .

========================================================================
Received Import Request.
  Time since last request: 8.989213 seconds.
  path: Assets/Materials/Corridor/Window.mat
  artifactKey: Guid(5d7f4ca07121e414288c4908a4803bed) Importer(815301076,1909f56bfc062723c751e8b465ee728b)
Start importing Assets/Materials/Corridor/Window.mat using Guid(5d7f4ca07121e414288c4908a4803bed) Importer(815301076,1909f56bfc062723c751e8b465ee728b)  -> (artifact id: '3155e62b61d5bc1aa8347180b242f986') in 0.097038 seconds 
  Import took 0.101549 seconds .

========================================================================
Received Import Request.
  Time since last request: 0.502033 seconds.
  path: Assets/Materials/BedRoom/Wardrobe.mat
  artifactKey: Guid(9e2335d028e7ab645970536c61cf4aac) Importer(815301076,1909f56bfc062723c751e8b465ee728b)
Start importing Assets/Materials/BedRoom/Wardrobe.mat using Guid(9e2335d028e7ab645970536c61cf4aac) Importer(815301076,1909f56bfc062723c751e8b465ee728b)  -> (artifact id: 'bb64d0196b5c7aac1f6393877a94a3cd') in 0.028313 seconds 
  Import took 0.033505 seconds .

========================================================================
Received Import Request.
  Time since last request: 0.000251 seconds.
  path: Assets/Materials/VFX/WaterDropSmall.mat
  artifactKey: Guid(c4d4365c3eeb8a54183f5af15699021d) Importer(815301076,1909f56bfc062723c751e8b465ee728b)
Start importing Assets/Materials/VFX/WaterDropSmall.mat using Guid(c4d4365c3eeb8a54183f5af15699021d) Importer(815301076,1909f56bfc062723c751e8b465ee728b)  -> (artifact id: '243a7f5e010d5df3b571d048a7211b62') in 0.039249 seconds 
  Import took 0.044654 seconds .

========================================================================
Received Import Request.
  Time since last request: 0.000201 seconds.
  path: Assets/Materials/DiningRoom/Wall_Diningroom.mat
  artifactKey: Guid(af5618451dbad9c4a913f502e5c7df1e) Importer(815301076,1909f56bfc062723c751e8b465ee728b)
Start importing Assets/Materials/DiningRoom/Wall_Diningroom.mat using Guid(af5618451dbad9c4a913f502e5c7df1e) Importer(815301076,1909f56bfc062723c751e8b465ee728b)  -> (artifact id: 'cdfc52a501c0f6c9b89b5f41e58687cf') in 0.048373 seconds 
  Import took 0.053881 seconds .

========================================================================
Received Import Request.
  Time since last request: 0.000284 seconds.
  path: Assets/Materials/Bathroom/Walls.mat
  artifactKey: Guid(9dab67fd89e742e45a9d885d6e1e14a2) Importer(815301076,1909f56bfc062723c751e8b465ee728b)
Start importing Assets/Materials/Bathroom/Walls.mat using Guid(9dab67fd89e742e45a9d885d6e1e14a2) Importer(815301076,1909f56bfc062723c751e8b465ee728b)  -> (artifact id: '8d8d7c3a8d702771806b7b0414764aec') in 0.038331 seconds 
  Import took 0.043625 seconds .

========================================================================
Received Import Request.
  Time since last request: 0.141968 seconds.
  path: Assets/Materials/BedRoom/Wall_Bedroom.mat
  artifactKey: Guid(a1d7f57e6086c9a4bb159a2e0cfb2228) Importer(815301076,1909f56bfc062723c751e8b465ee728b)
Start importing Assets/Materials/BedRoom/Wall_Bedroom.mat using Guid(a1d7f57e6086c9a4bb159a2e0cfb2228) Importer(815301076,1909f56bfc062723c751e8b465ee728b)  -> (artifact id: '9da062979fbdabcc332e839c793be72e') in 0.028496 seconds 
  Import took 0.033417 seconds .

========================================================================
Received Import Request.
  Time since last request: 0.000218 seconds.
  path: Assets/Materials/Bathroom/Wall_Bathroom.mat
  artifactKey: Guid(785750043eaf5004da3d0b54f39941c1) Importer(815301076,1909f56bfc062723c751e8b465ee728b)
Start importing Assets/Materials/Bathroom/Wall_Bathroom.mat using Guid(785750043eaf5004da3d0b54f39941c1) Importer(815301076,1909f56bfc062723c751e8b465ee728b)  -> (artifact id: '2d705ce9c21d7d144ca5e4bf181a22f6') in 0.041642 seconds 
  Import took 0.045651 seconds .

========================================================================
Received Import Request.
  Time since last request: 0.000209 seconds.
  path: Assets/Materials/DiningRoom/Table.mat
  artifactKey: Guid(147dac9aa1b5dd149a5ad652019e5ac8) Importer(815301076,1909f56bfc062723c751e8b465ee728b)
Start importing Assets/Materials/DiningRoom/Table.mat using Guid(147dac9aa1b5dd149a5ad652019e5ac8) Importer(815301076,1909f56bfc062723c751e8b465ee728b)  -> (artifact id: '9cb9db12016c6f110219caf3cfb1b10e') in 0.042923 seconds 
  Import took 0.049765 seconds .

========================================================================
Received Import Request.
  Time since last request: 0.000251 seconds.
  path: Assets/Models/Corridor/Wall_Straight_02.fbx
  artifactKey: Guid(241f3dc7f2ed74d40a90ce43df5e2f23) Importer(815301076,1909f56bfc062723c751e8b465ee728b)
Start importing Assets/Models/Corridor/Wall_Straight_02.fbx using Guid(241f3dc7f2ed74d40a90ce43df5e2f23) Importer(815301076,1909f56bfc062723c751e8b465ee728b)  -> (artifact id: '44ee563a90b9591613a920487a612028') in 0.094208 seconds 
  Import took 0.100004 seconds .

========================================================================
Received Import Request.
  Time since last request: 0.000273 seconds.
  path: Assets/Models/Corridor/Wall_Corner_Exterior_In.fbx
  artifactKey: Guid(ce7c02c9dadf6a6469afbcc32ab786ca) Importer(815301076,1909f56bfc062723c751e8b465ee728b)
Start importing Assets/Models/Corridor/Wall_Corner_Exterior_In.fbx using Guid(ce7c02c9dadf6a6469afbcc32ab786ca) Importer(815301076,1909f56bfc062723c751e8b465ee728b)  -> (artifact id: '939b05cc57bfa6c4cf5961f5525d9c7c') in 0.057393 seconds 
  Import took 0.063471 seconds .

========================================================================
Received Import Request.
  Time since last request: 0.000245 seconds.
  path: Assets/Models/Corridor/Wall_Corner_Exterior_Out.fbx
  artifactKey: Guid(8a4dc94854ea93147b8b87b7df72a8c1) Importer(815301076,1909f56bfc062723c751e8b465ee728b)
Start importing Assets/Models/Corridor/Wall_Corner_Exterior_Out.fbx using Guid(8a4dc94854ea93147b8b87b7df72a8c1) Importer(815301076,1909f56bfc062723c751e8b465ee728b)  -> (artifact id: 'a9f89ef556315da37680ad0b9a0ef675') in 0.050424 seconds 
  Import took 0.055220 seconds .

========================================================================
Received Import Request.
  Time since last request: 0.000267 seconds.
  path: Assets/Materials/Corridor/Wall_Corridor.mat
  artifactKey: Guid(b6a0ac0240204cb4ea4b84d1e2dab2b5) Importer(815301076,1909f56bfc062723c751e8b465ee728b)
Start importing Assets/Materials/Corridor/Wall_Corridor.mat using Guid(b6a0ac0240204cb4ea4b84d1e2dab2b5) Importer(815301076,1909f56bfc062723c751e8b465ee728b)  -> (artifact id: 'b6254c4c17b737e6c1811d5a1153155d') in 0.037048 seconds 
  Import took 0.041363 seconds .

========================================================================
Received Import Request.
  Time since last request: 0.000217 seconds.
  path: Assets/Materials/VFX/Steam.mat
  artifactKey: Guid(4cd7f6cf6430b2347803bd0c957fbbce) Importer(815301076,1909f56bfc062723c751e8b465ee728b)
Start importing Assets/Materials/VFX/Steam.mat using Guid(4cd7f6cf6430b2347803bd0c957fbbce) Importer(815301076,1909f56bfc062723c751e8b465ee728b)  -> (artifact id: '24080dd5cd64f8964c06fa4fe5bdded5') in 0.035196 seconds 
  Import took 0.040529 seconds .

========================================================================
Received Import Request.
  Time since last request: 0.000406 seconds.
  path: Assets/Materials/VFX/Skybox.mat
  artifactKey: Guid(6ee0d89101b323c4ea17b397eea7fb49) Importer(815301076,1909f56bfc062723c751e8b465ee728b)
Start importing Assets/Materials/VFX/Skybox.mat using Guid(6ee0d89101b323c4ea17b397eea7fb49) Importer(815301076,1909f56bfc062723c751e8b465ee728b)  -> (artifact id: '7b34456fae8ee3710249ce3fd7542545') in 0.147982 seconds 
  Import took 0.152653 seconds .

========================================================================
Received Import Request.
  Time since last request: 0.000234 seconds.
  path: Assets/Materials/VFX/PlaneFog.mat
  artifactKey: Guid(061fb137bedaf3e4fad039b9006afa93) Importer(815301076,1909f56bfc062723c751e8b465ee728b)
Start importing Assets/Materials/VFX/PlaneFog.mat using Guid(061fb137bedaf3e4fad039b9006afa93) Importer(815301076,1909f56bfc062723c751e8b465ee728b)  -> (artifact id: 'cbf1cc6c48dce9104163bf9b4d93965b') in 0.033763 seconds 
  Import took 0.038334 seconds .

========================================================================
Received Import Request.
  Time since last request: 0.000374 seconds.
  path: Assets/Materials/Bathroom/Pipes.mat
  artifactKey: Guid(b1512eb4ac821d144a9ed308b1f32108) Importer(815301076,1909f56bfc062723c751e8b465ee728b)
Start importing Assets/Materials/Bathroom/Pipes.mat using Guid(b1512eb4ac821d144a9ed308b1f32108) Importer(815301076,1909f56bfc062723c751e8b465ee728b)  -> (artifact id: '7cbee07e0598282a151513fd0b67072c') in 0.041819 seconds 
  Import took 0.046439 seconds .

========================================================================
Received Import Request.
  Time since last request: 0.000228 seconds.
  path: Assets/Materials/Bathroom/Radiator.mat
  artifactKey: Guid(2d63e5640f378c04ebe27363eb0fff0c) Importer(815301076,1909f56bfc062723c751e8b465ee728b)
Start importing Assets/Materials/Bathroom/Radiator.mat using Guid(2d63e5640f378c04ebe27363eb0fff0c) Importer(815301076,1909f56bfc062723c751e8b465ee728b)  -> (artifact id: '0e0236c0e9f59cd20a26b23333b13950') in 0.040318 seconds 
  Import took 0.045218 seconds .

========================================================================
Received Import Request.
  Time since last request: 0.000233 seconds.
  path: Assets/Materials/DiningRoom/Monster_Lamp.mat
  artifactKey: Guid(a63ef733125d6e04394962301d501be9) Importer(815301076,1909f56bfc062723c751e8b465ee728b)
Start importing Assets/Materials/DiningRoom/Monster_Lamp.mat using Guid(a63ef733125d6e04394962301d501be9) Importer(815301076,1909f56bfc062723c751e8b465ee728b)  -> (artifact id: 'a361db90396aef0841d39fab714e2350') in 0.038367 seconds 
  Import took 0.043574 seconds .

========================================================================
Received Import Request.
  Time since last request: 0.000438 seconds.
  path: Assets/Materials/Bathroom/Sink.mat
  artifactKey: Guid(7dc883052ccb59842a9c6b10113e1470) Importer(815301076,1909f56bfc062723c751e8b465ee728b)
Start importing Assets/Materials/Bathroom/Sink.mat using Guid(7dc883052ccb59842a9c6b10113e1470) Importer(815301076,1909f56bfc062723c751e8b465ee728b)  -> (artifact id: '121f2da60d9096e3b96eead235ff31bc') in 0.081001 seconds 
  Import took 0.088409 seconds .

========================================================================
Received Import Request.
  Time since last request: 0.000595 seconds.
  path: Assets/Models/Corridor/Wall_Corner_Interior.fbx
  artifactKey: Guid(9da5aa368549f3e4883e3ca4b3ed05b8) Importer(815301076,1909f56bfc062723c751e8b465ee728b)
Start importing Assets/Models/Corridor/Wall_Corner_Interior.fbx using Guid(9da5aa368549f3e4883e3ca4b3ed05b8) Importer(815301076,1909f56bfc062723c751e8b465ee728b)  -> (artifact id: '43fb0c3a5e8f78846acee32631205044') in 0.082649 seconds 
  Import took 0.090639 seconds .

========================================================================
Received Import Request.
  Time since last request: 0.000222 seconds.
  path: Assets/Materials/Corridor/PictureFrame.mat
  artifactKey: Guid(e709f83e862ff314e8258b7a60c45ce2) Importer(815301076,1909f56bfc062723c751e8b465ee728b)
Start importing Assets/Materials/Corridor/PictureFrame.mat using Guid(e709f83e862ff314e8258b7a60c45ce2) Importer(815301076,1909f56bfc062723c751e8b465ee728b)  -> (artifact id: 'aa594dcaf48109f91a6ce36b5a2e073a') in 0.039871 seconds 
  Import took 0.044095 seconds .

========================================================================
Received Import Request.
  Time since last request: 0.000220 seconds.
  path: Assets/Materials/VFX/Splash.mat
  artifactKey: Guid(e9f88b6d5b7b7f24c8b3dc6b70f06653) Importer(815301076,1909f56bfc062723c751e8b465ee728b)
Start importing Assets/Materials/VFX/Splash.mat using Guid(e9f88b6d5b7b7f24c8b3dc6b70f06653) Importer(815301076,1909f56bfc062723c751e8b465ee728b)  -> (artifact id: 'bd4a39016f417f27dd73ef185fed97f5') in 2.431802 seconds 
  Import took 2.435982 seconds .

========================================================================
Received Import Request.
  Time since last request: 0.000253 seconds.
  path: Assets/Materials/Corridor/Rugs.mat
  artifactKey: Guid(f5b8db6c5de6a6a4984f8dd09c302b59) Importer(815301076,1909f56bfc062723c751e8b465ee728b)
Start importing Assets/Materials/Corridor/Rugs.mat using Guid(f5b8db6c5de6a6a4984f8dd09c302b59) Importer(815301076,1909f56bfc062723c751e8b465ee728b)  -> (artifact id: '1dfe824f856942411b1125e6b8d8d4f1') in 0.038695 seconds 
  Import took 0.044373 seconds .

========================================================================
Received Import Request.
  Time since last request: 0.000222 seconds.
  path: Assets/Materials/Corridor/Light.mat
  artifactKey: Guid(f8576e77e5ebf4b49ae5475f634ed53b) Importer(815301076,1909f56bfc062723c751e8b465ee728b)
Start importing Assets/Materials/Corridor/Light.mat using Guid(f8576e77e5ebf4b49ae5475f634ed53b) Importer(815301076,1909f56bfc062723c751e8b465ee728b)  -> (artifact id: '81b6407345d65a7d0dfca0a02557a313') in 0.040213 seconds 
  Import took 0.044099 seconds .

========================================================================
Received Import Request.
  Time since last request: 0.000256 seconds.
  path: Assets/Models/Diningroom/Floor_Diningroom.fbx
  artifactKey: Guid(698328cb89c262d47803daf585012ed8) Importer(815301076,1909f56bfc062723c751e8b465ee728b)
Start importing Assets/Models/Diningroom/Floor_Diningroom.fbx using Guid(698328cb89c262d47803daf585012ed8) Importer(815301076,1909f56bfc062723c751e8b465ee728b)  -> (artifact id: '3f056d37cb1261567f0fd4fccf91bf5a') in 0.059098 seconds 
  Import took 0.063883 seconds .

========================================================================
Received Import Request.
  Time since last request: 0.000235 seconds.
  path: Assets/Materials/Bathroom/Mirror.mat
  artifactKey: Guid(3086cb16e9941b845ac6e853a3a4e5b4) Importer(815301076,1909f56bfc062723c751e8b465ee728b)
Start importing Assets/Materials/Bathroom/Mirror.mat using Guid(3086cb16e9941b845ac6e853a3a4e5b4) Importer(815301076,1909f56bfc062723c751e8b465ee728b)  -> (artifact id: '5368d599a951b5f9c5c20598d73c0ca3') in 0.044999 seconds 
  Import took 0.050134 seconds .

========================================================================
Received Import Request.
  Time since last request: 0.000269 seconds.
  path: Assets/Materials/Characters/Light_Cone.mat
  artifactKey: Guid(98a5d7f03b88cef44932b3206c7bd8db) Importer(815301076,1909f56bfc062723c751e8b465ee728b)
Start importing Assets/Materials/Characters/Light_Cone.mat using Guid(98a5d7f03b88cef44932b3206c7bd8db) Importer(815301076,1909f56bfc062723c751e8b465ee728b)  -> (artifact id: 'e0a62dd670083abb64915ef8ece36933') in 0.044199 seconds 
  Import took 0.052550 seconds .

========================================================================
Received Import Request.
  Time since last request: 0.000084 seconds.
  path: Assets/Models/Corridor/Wall_Straight_01.fbx
  artifactKey: Guid(ca04dfc6bbf3c2e4a9601d58495fff52) Importer(815301076,1909f56bfc062723c751e8b465ee728b)
Start importing Assets/Models/Corridor/Wall_Straight_01.fbx using Guid(ca04dfc6bbf3c2e4a9601d58495fff52) Importer(815301076,1909f56bfc062723c751e8b465ee728b)  -> (artifact id: '914655e061c9c40c2ffad5ea21f40482') in 0.059966 seconds 
  Import took 0.065540 seconds .

========================================================================
Received Import Request.
  Time since last request: 0.000223 seconds.
  path: Assets/Materials/Corridor/Light_Glass.mat
  artifactKey: Guid(d50d52e4c69a3cf45bf45594297ca6c4) Importer(815301076,1909f56bfc062723c751e8b465ee728b)
Start importing Assets/Materials/Corridor/Light_Glass.mat using Guid(d50d52e4c69a3cf45bf45594297ca6c4) Importer(815301076,1909f56bfc062723c751e8b465ee728b)  -> (artifact id: 'dd84c71b60913568256878524c9adf69') in 0.039551 seconds 
  Import took 0.044606 seconds .

========================================================================
Received Import Request.
  Time since last request: 480.047498 seconds.
  path: Assets/Scenes/MainScene/NavMesh.asset
  artifactKey: Guid(10bde3885b728e84890c68856e8e325f) Importer(815301076,1909f56bfc062723c751e8b465ee728b)
Start importing Assets/Scenes/MainScene/NavMesh.asset using Guid(10bde3885b728e84890c68856e8e325f) Importer(815301076,1909f56bfc062723c751e8b465ee728b)  -> (artifact id: '3cb456eadbdd80988b8bbea408a3ae7e') in 0.011488 seconds 
  Import took 0.016195 seconds .

========================================================================
Received Prepare
Registering precompiled user dll's ...
Registered in 0.018950 seconds.
Begin MonoManager ReloadAssembly
Native extension for WindowsStandalone target not found
Native extension for WebGL target not found
Refreshing native plugins compatible for Editor in 0.76 ms, found 2 plugins.
Preloading 0 native plugins for Editor in 0.00 ms.
Mono: successfully reloaded assembly
- Completed reload, in  1.991 seconds
Domain Reload Profiling:
	ReloadAssembly (1992ms)
		BeginReloadAssembly (372ms)
			ExecutionOrderSort (0ms)
			DisableScriptedObjects (21ms)
			BackupInstance (0ms)
			ReleaseScriptingObjects (0ms)
			CreateAndSetChildDomain (112ms)
		EndReloadAssembly (1442ms)
			LoadAssemblies (285ms)
			RebuildTransferFunctionScriptingTraits (0ms)
			SetupTypeCache (551ms)
			ReleaseScriptCaches (2ms)
			RebuildScriptCaches (95ms)
			SetupLoadedEditorAssemblies (431ms)
				LogAssemblyErrors (0ms)
				InitializePlatformSupportModulesInManaged (7ms)
				SetLoadedEditorAssemblies (1ms)
				RefreshPlugins (1ms)
				BeforeProcessingInitializeOnLoad (117ms)
				ProcessInitializeOnLoadAttributes (279ms)
				ProcessInitializeOnLoadMethodAttributes (17ms)
				AfterProcessingInitializeOnLoad (9ms)
				EditorAssembliesLoaded (0ms)
			ExecutionOrderSort2 (0ms)
			AwakeInstancesAfterBackupRestoration (8ms)
Platform modules already initialized, skipping
Refreshing native plugins compatible for Editor in 0.95 ms, found 2 plugins.
Preloading 0 native plugins for Editor in 0.00 ms.
Unloading 1998 Unused Serialized files (Serialized files now loaded: 0)
System memory in use before: 165.9 MB.
System memory in use after: 164.0 MB.

Unloading 64 unused Assets to reduce memory usage. Loaded Objects now: 2475.
Total: 4.518100 ms (FindLiveObjects: 0.224800 ms CreateObjectMapping: 0.053500 ms MarkObjects: 3.388200 ms  DeleteObjects: 0.849800 ms)

AssetImportParameters requested are different than current active one (requested -> active):
  custom:framework-win-MediaFoundation: 216162199b28c13a410421893ffa2e32 -> 
  custom:video-decoder-ogg-theora: a1e56fd34408186e4bbccfd4996cb3dc -> 
  custom:container-muxer-webm: aa71ff27fc2769a1b78a27578f13a17b -> 
  custom:container-demuxer-webm: 4f35f7cbe854078d1ac9338744f61a02 -> 
  custom:container-demuxer-ogg: 62fdf1f143b41e24485cea50d1cbac27 -> 
  custom:video-encoder-webm-vp8: eb34c28f22e8b96e1ab97ce403110664 -> 
  custom:video-decoder-webm-vp8: 9c59270c3fd7afecdb556c50c9e8de78 -> 
  custom:audio-decoder-ogg-vorbis: bf7c407c2cedff20999df2af8eb42d56 -> 
  custom:audio-encoder-webm-vorbis: bf7c407c2cedff20999df2af8eb42d56 -> 
========================================================================
Received Import Request.
  Time since last request: 1080.010039 seconds.
  path: ProjectSettings/TagManager.asset
  artifactKey: Guid(00000000000000003000000000000000) Importer(815301076,1909f56bfc062723c751e8b465ee728b)
Start importing ProjectSettings/TagManager.asset using Guid(00000000000000003000000000000000) Importer(815301076,1909f56bfc062723c751e8b465ee728b)  -> (artifact id: '95df672b4aaba54310d34c83eef51bb8') in 0.025701 seconds 
  Import took 0.030133 seconds .

========================================================================
Received Prepare
Registering precompiled user dll's ...
Registered in 0.009401 seconds.
Begin MonoManager ReloadAssembly
Native extension for WindowsStandalone target not found
Native extension for WebGL target not found
Refreshing native plugins compatible for Editor in 1.10 ms, found 2 plugins.
Preloading 0 native plugins for Editor in 0.00 ms.
Mono: successfully reloaded assembly
- Completed reload, in  1.562 seconds
Domain Reload Profiling:
	ReloadAssembly (1563ms)
		BeginReloadAssembly (189ms)
			ExecutionOrderSort (0ms)
			DisableScriptedObjects (10ms)
			BackupInstance (0ms)
			ReleaseScriptingObjects (0ms)
			CreateAndSetChildDomain (59ms)
		EndReloadAssembly (1259ms)
			LoadAssemblies (147ms)
			RebuildTransferFunctionScriptingTraits (0ms)
			SetupTypeCache (415ms)
			ReleaseScriptCaches (1ms)
			RebuildScriptCaches (55ms)
			SetupLoadedEditorAssemblies (512ms)
				LogAssemblyErrors (0ms)
				InitializePlatformSupportModulesInManaged (9ms)
				SetLoadedEditorAssemblies (2ms)
				RefreshPlugins (1ms)
				BeforeProcessingInitializeOnLoad (132ms)
				ProcessInitializeOnLoadAttributes (326ms)
				ProcessInitializeOnLoadMethodAttributes (29ms)
				AfterProcessingInitializeOnLoad (12ms)
				EditorAssembliesLoaded (0ms)
			ExecutionOrderSort2 (0ms)
			AwakeInstancesAfterBackupRestoration (11ms)
Platform modules already initialized, skipping
Refreshing native plugins compatible for Editor in 1.00 ms, found 2 plugins.
Preloading 0 native plugins for Editor in 0.00 ms.
Unloading 1998 Unused Serialized files (Serialized files now loaded: 0)
System memory in use before: 165.9 MB.
System memory in use after: 164.0 MB.

Unloading 65 unused Assets to reduce memory usage. Loaded Objects now: 2477.
Total: 5.455900 ms (FindLiveObjects: 0.287300 ms CreateObjectMapping: 0.080000 ms MarkObjects: 3.599200 ms  DeleteObjects: 1.487800 ms)

AssetImportParameters requested are different than current active one (requested -> active):
  custom:framework-win-MediaFoundation: 216162199b28c13a410421893ffa2e32 -> 
  custom:video-decoder-ogg-theora: a1e56fd34408186e4bbccfd4996cb3dc -> 
  custom:container-muxer-webm: aa71ff27fc2769a1b78a27578f13a17b -> 
  custom:container-demuxer-webm: 4f35f7cbe854078d1ac9338744f61a02 -> 
  custom:container-demuxer-ogg: 62fdf1f143b41e24485cea50d1cbac27 -> 
  custom:video-encoder-webm-vp8: eb34c28f22e8b96e1ab97ce403110664 -> 
  custom:video-decoder-webm-vp8: 9c59270c3fd7afecdb556c50c9e8de78 -> 
  custom:audio-decoder-ogg-vorbis: bf7c407c2cedff20999df2af8eb42d56 -> 
  custom:audio-encoder-webm-vorbis: bf7c407c2cedff20999df2af8eb42d56 -> 
========================================================================
Received Import Request.
  Time since last request: 276.911383 seconds.
  path: Assets/Scenes/MainScene_Profiles
  artifactKey: Guid(e888851f8d220674b869789d499c0cdf) Importer(815301076,1909f56bfc062723c751e8b465ee728b)
Start importing Assets/Scenes/MainScene_Profiles using Guid(e888851f8d220674b869789d499c0cdf) Importer(815301076,1909f56bfc062723c751e8b465ee728b)  -> (artifact id: '5e47b97d8185574081d652f979af9509') in 0.017463 seconds 
  Import took 0.021857 seconds .

========================================================================
Received Prepare
Registering precompiled user dll's ...
Registered in 0.013149 seconds.
Begin MonoManager ReloadAssembly
Native extension for WindowsStandalone target not found
Native extension for WebGL target not found
Refreshing native plugins compatible for Editor in 0.74 ms, found 2 plugins.
Preloading 0 native plugins for Editor in 0.00 ms.
Mono: successfully reloaded assembly
- Completed reload, in  1.438 seconds
Domain Reload Profiling:
	ReloadAssembly (1439ms)
		BeginReloadAssembly (149ms)
			ExecutionOrderSort (0ms)
			DisableScriptedObjects (8ms)
			BackupInstance (0ms)
			ReleaseScriptingObjects (0ms)
			CreateAndSetChildDomain (39ms)
		EndReloadAssembly (1202ms)
			LoadAssemblies (140ms)
			RebuildTransferFunctionScriptingTraits (0ms)
			SetupTypeCache (397ms)
			ReleaseScriptCaches (2ms)
			RebuildScriptCaches (68ms)
			SetupLoadedEditorAssemblies (454ms)
				LogAssemblyErrors (0ms)
				InitializePlatformSupportModulesInManaged (7ms)
				SetLoadedEditorAssemblies (1ms)
				RefreshPlugins (1ms)
				BeforeProcessingInitializeOnLoad (120ms)
				ProcessInitializeOnLoadAttributes (297ms)
				ProcessInitializeOnLoadMethodAttributes (18ms)
				AfterProcessingInitializeOnLoad (11ms)
				EditorAssembliesLoaded (0ms)
			ExecutionOrderSort2 (0ms)
			AwakeInstancesAfterBackupRestoration (14ms)
Platform modules already initialized, skipping
Refreshing native plugins compatible for Editor in 1.88 ms, found 2 plugins.
Preloading 0 native plugins for Editor in 0.00 ms.
Unloading 1998 Unused Serialized files (Serialized files now loaded: 0)
System memory in use before: 165.9 MB.
System memory in use after: 164.0 MB.

Unloading 64 unused Assets to reduce memory usage. Loaded Objects now: 2479.
Total: 10.071100 ms (FindLiveObjects: 0.521600 ms CreateObjectMapping: 0.330900 ms MarkObjects: 6.951000 ms  DeleteObjects: 2.263800 ms)

AssetImportParameters requested are different than current active one (requested -> active):
  custom:framework-win-MediaFoundation: 216162199b28c13a410421893ffa2e32 -> 
  custom:video-decoder-ogg-theora: a1e56fd34408186e4bbccfd4996cb3dc -> 
  custom:container-muxer-webm: aa71ff27fc2769a1b78a27578f13a17b -> 
  custom:container-demuxer-webm: 4f35f7cbe854078d1ac9338744f61a02 -> 
  custom:container-demuxer-ogg: 62fdf1f143b41e24485cea50d1cbac27 -> 
  custom:video-encoder-webm-vp8: eb34c28f22e8b96e1ab97ce403110664 -> 
  custom:video-decoder-webm-vp8: 9c59270c3fd7afecdb556c50c9e8de78 -> 
  custom:audio-decoder-ogg-vorbis: bf7c407c2cedff20999df2af8eb42d56 -> 
  custom:audio-encoder-webm-vorbis: bf7c407c2cedff20999df2af8eb42d56 -> 
========================================================================
Received Prepare
Registering precompiled user dll's ...
Registered in 0.009988 seconds.
Begin MonoManager ReloadAssembly
Native extension for WindowsStandalone target not found
Native extension for WebGL target not found
Refreshing native plugins compatible for Editor in 0.75 ms, found 2 plugins.
Preloading 0 native plugins for Editor in 0.00 ms.
Mono: successfully reloaded assembly
- Completed reload, in  1.427 seconds
Domain Reload Profiling:
	ReloadAssembly (1427ms)
		BeginReloadAssembly (158ms)
			ExecutionOrderSort (0ms)
			DisableScriptedObjects (8ms)
			BackupInstance (0ms)
			ReleaseScriptingObjects (0ms)
			CreateAndSetChildDomain (42ms)
		EndReloadAssembly (1159ms)
			LoadAssemblies (143ms)
			RebuildTransferFunctionScriptingTraits (0ms)
			SetupTypeCache (414ms)
			ReleaseScriptCaches (1ms)
			RebuildScriptCaches (61ms)
			SetupLoadedEditorAssemblies (413ms)
				LogAssemblyErrors (0ms)
				InitializePlatformSupportModulesInManaged (7ms)
				SetLoadedEditorAssemblies (1ms)
				RefreshPlugins (1ms)
				BeforeProcessingInitializeOnLoad (116ms)
				ProcessInitializeOnLoadAttributes (261ms)
				ProcessInitializeOnLoadMethodAttributes (16ms)
				AfterProcessingInitializeOnLoad (12ms)
				EditorAssembliesLoaded (1ms)
			ExecutionOrderSort2 (0ms)
			AwakeInstancesAfterBackupRestoration (10ms)
Platform modules already initialized, skipping
Refreshing native plugins compatible for Editor in 2.06 ms, found 2 plugins.
Preloading 0 native plugins for Editor in 0.00 ms.
Unloading 1998 Unused Serialized files (Serialized files now loaded: 0)
System memory in use before: 165.9 MB.
System memory in use after: 164.0 MB.

Unloading 64 unused Assets to reduce memory usage. Loaded Objects now: 2481.
Total: 8.865500 ms (FindLiveObjects: 0.348500 ms CreateObjectMapping: 0.109200 ms MarkObjects: 6.707600 ms  DeleteObjects: 1.697100 ms)

AssetImportParameters requested are different than current active one (requested -> active):
  custom:framework-win-MediaFoundation: 216162199b28c13a410421893ffa2e32 -> 
  custom:video-decoder-ogg-theora: a1e56fd34408186e4bbccfd4996cb3dc -> 
  custom:container-muxer-webm: aa71ff27fc2769a1b78a27578f13a17b -> 
  custom:container-demuxer-webm: 4f35f7cbe854078d1ac9338744f61a02 -> 
  custom:container-demuxer-ogg: 62fdf1f143b41e24485cea50d1cbac27 -> 
  custom:video-encoder-webm-vp8: eb34c28f22e8b96e1ab97ce403110664 -> 
  custom:video-decoder-webm-vp8: 9c59270c3fd7afecdb556c50c9e8de78 -> 
  custom:audio-decoder-ogg-vorbis: bf7c407c2cedff20999df2af8eb42d56 -> 
  custom:audio-encoder-webm-vorbis: bf7c407c2cedff20999df2af8eb42d56 -> 
AssetImportWorkerClient::OnTransportError - code=2 error=End of file
